<?xml version="1.0" encoding="UTF-8"?>
<testsuite xmlns:xsi="http://www.w3.org/2001/XMLSchema-instance" xsi:noNamespaceSchemaLocation="https://maven.apache.org/surefire/maven-surefire-plugin/xsd/surefire-test-report.xsd" version="3.0.2" name="com.example.bankcards.service.CardServiceTest" time="0.143" tests="27" errors="0" skipped="0" failures="0">
  <properties>
[...]
</properties>
  <testcase name="findById_cardNotFound_throwsException" classname="com.example.bankcards.service.CardServiceTest" time="0.047"/>
  <testcase name="refactorCard_success" classname="com.example.bankcards.service.CardServiceTest" time="0.042"/>
  <testcase name="offActivateCard_withEmail_notBelong" classname="com.example.bankcards.service.CardServiceTest" time="0.002"/>
  <testcase name="getListOfBankCards_empty" classname="com.example.bankcards.service.CardServiceTest" time="0.001"/>
  <testcase name="getMyCardNumber_notBelong" classname="com.example.bankcards.service.CardServiceTest" time="0.001"/>
  <testcase name="getMyCardNumber_success" classname="com.example.bankcards.service.CardServiceTest" time="0.002"/>
  <testcase name="getMyCards_success" classname="com.example.bankcards.service.CardServiceTest" time="0.002"/>
  <testcase name="getListOfBankCards_success" classname="com.example.bankcards.service.CardServiceTest" time="0.002"/>
  <testcase name="findCardsByEmail_cardsNotFound" classname="com.example.bankcards.service.CardServiceTest" time="0.002"/>
  <testcase name="createBankCard_userNotFound_throwsException" classname="com.example.bankcards.service.CardServiceTest" time="0.002"/>
  <testcase name="deleteCard_success" classname="com.example.bankcards.service.CardServiceTest" time="0.001"/>
  <testcase name="findCardsByUserId_success" classname="com.example.bankcards.service.CardServiceTest" time="0.001"/>
  <testcase name="activateCard_byId_success" classname="com.example.bankcards.service.CardServiceTest" time="0.002"/>
  <testcase name="activateCard_withEmail_success" classname="com.example.bankcards.service.CardServiceTest" time="0.002"/>
  <testcase name="offActivateCard_withEmail_success" classname="com.example.bankcards.service.CardServiceTest" time="0.002"/>
  <testcase name="refactorCard_cardNotFound" classname="com.example.bankcards.service.CardServiceTest" time="0.003"/>
  <testcase name="createBankCard_userExists_success" classname="com.example.bankcards.service.CardServiceTest" time="0.005"/>
  <testcase name="deleteCard_notFound" classname="com.example.bankcards.service.CardServiceTest" time="0.002"/>
  <testcase name="getBalance_notBelong" classname="com.example.bankcards.service.CardServiceTest" time="0.002"/>
  <testcase name="findById_cardExists_success" classname="com.example.bankcards.service.CardServiceTest" time="0.001"/>
  <testcase name="getMyCards_userNotFound" classname="com.example.bankcards.service.CardServiceTest" time="0.003"/>
  <testcase name="findCardsByEmail_success" classname="com.example.bankcards.service.CardServiceTest" time="0.002"/>
  <testcase name="getBalance_success" classname="com.example.bankcards.service.CardServiceTest" time="0.001"/>
  <testcase name="offActivateCard_byId_success" classname="com.example.bankcards.service.CardServiceTest" time="0.001"/>
  <testcase name="findCardsByEmail_userNotFound" classname="com.example.bankcards.service.CardServiceTest" time="0.002"/>
  <testcase name="activateCard_withEmail_notBelong" classname="com.example.bankcards.service.CardServiceTest" time="0.001"/>
  <testcase name="findCardsByUserId_notFound" classname="com.example.bankcards.service.CardServiceTest" time="0.002"/>
</testsuite>